<?xml version="1.0" encoding="UTF-8"?>
<testsuite name="utils.UtilsTest" tests="4" skipped="0" failures="0" errors="0" timestamp="2022-07-08T08:23:33" hostname="DESKTOP-O95MD8R" time="0.174">
  <properties/>
  <testcase name="testGetJsonMap()" classname="utils.UtilsTest" time="0.158"/>
  <testcase name="testGetJsonList()" classname="utils.UtilsTest" time="0.009"/>
  <testcase name="testGetKeys()" classname="utils.UtilsTest" time="0.001"/>
  <testcase name="testGetValues()" classname="utils.UtilsTest" time="0.002"/>
  <system-out><![CDATA[]]></system-out>
  <system-err><![CDATA[]]></system-err>
</testsuite>
